<?xml version="1.0" encoding="UTF-8"?>
<!-- Generated by org.testng.reporters.JUnitReportReporter -->
<testsuite hostname="DESKTOP-674LM9T" name="com.training.sanity.tests.LoginTests" tests="1" failures="0" timestamp="10 Mar 2020 10:49:33 GMT" time="45.957" errors="0">
  <testcase name="loginPassTest" time="45.957" classname="com.training.sanity.tests.LoginTests"/>
</testsuite> <!-- com.training.sanity.tests.LoginTests -->
