<?xml version="1.0" encoding="UTF-8"?>
<!-- Generated by org.testng.reporters.JUnitReportReporter -->
<testsuite hostname="DESKTOP-674LM9T" name="com.training.sanity.tests.RETC_016" tests="1" failures="0" timestamp="12 Mar 2020 13:39:33 GMT" time="32.448" errors="0">
  <testcase name="allposthrashtTest" time="32.448" classname="com.training.sanity.tests.RETC_016"/>
</testsuite> <!-- com.training.sanity.tests.RETC_016 -->
