<?xml version="1.0" encoding="UTF-8"?>
<!-- Generated by org.testng.reporters.JUnitReportReporter -->
<testsuite hostname="DESKTOP-674LM9T" name="com.training.sanity.tests.RETC_017" tests="1" failures="0" timestamp="13 Mar 2020 12:03:07 GMT" time="37.837" errors="0">
  <testcase name="allposthrashtTest" time="37.837" classname="com.training.sanity.tests.RETC_017"/>
</testsuite> <!-- com.training.sanity.tests.RETC_017 -->
